2025/04/16 22:35:52 Starting application...
2025/04/16 22:35:52 Created new Fyne app
2025/04/16 22:35:52 Set custom theme
2025/04/16 22:35:52 Created new window
2025/04/16 22:35:52 Resized window
2025/04/16 22:35:52 Setting initial content to login page
2025/04/16 22:35:52 Starting main event loop
2025/04/16 22:36:04 Starting application...
2025/04/16 22:36:04 Created new Fyne app
2025/04/16 22:36:04 Set custom theme
2025/04/16 22:36:04 Created new window
2025/04/16 22:36:04 Resized window
2025/04/16 22:36:04 Setting initial content to login page
2025/04/16 22:36:04 Starting main event loop
2025/04/16 22:36:56 Starting application...
2025/04/16 22:36:56 Created new Fyne app
2025/04/16 22:36:56 Set custom theme
2025/04/16 22:36:56 Created new window
2025/04/16 22:36:56 Resized window
2025/04/16 22:36:56 Setting initial content to login page
2025/04/16 22:36:56 Starting main event loop
2025/04/16 22:37:03 Login attempt with username: admin
2025/04/16 22:37:03 Login credentials correct, loading database config...
2025/04/16 22:37:03 Running migrations...
2025/04/16 22:37:03 Connecting to database...
2025/04/16 22:37:03 Creating main window...
2025/04/16 22:37:03 Login successful
2025/04/16 22:38:05 Starting application...
2025/04/16 22:38:05 Created new Fyne app
2025/04/16 22:38:05 Set custom theme
2025/04/16 22:38:05 Created new window
2025/04/16 22:38:05 Resized window
2025/04/16 22:38:05 Setting initial content to login page
2025/04/16 22:38:05 Starting main event loop
2025/04/16 22:38:12 Login attempt with username: admin
2025/04/16 22:38:12 Login credentials correct, loading database config...
2025/04/16 22:38:12 Running migrations...
2025/04/16 22:38:12 Connecting to database...
2025/04/16 22:38:12 Creating main window...
2025/04/16 22:38:12 Login successful
2025/04/16 22:41:55 Starting application...
2025/04/16 22:41:55 Created new Fyne app
2025/04/16 22:41:55 Set custom theme
2025/04/16 22:41:55 Created new window
2025/04/16 22:41:55 Resized window
2025/04/16 22:41:55 Setting initial content to login page
2025/04/16 22:41:55 Starting main event loop
2025/04/16 22:41:58 Login attempt with username: admin
2025/04/16 22:41:58 Login credentials correct, loading database config...
2025/04/16 22:41:58 Running migrations...
2025/04/16 22:41:58 Connecting to database...
2025/04/16 22:41:58 Creating main window...
2025/04/16 22:41:58 Login successful
2025/04/16 22:44:02 Starting application...
2025/04/16 22:44:02 Created new Fyne app
2025/04/16 22:44:02 Set custom theme
2025/04/16 22:44:02 Created new window
2025/04/16 22:44:02 Resized window
2025/04/16 22:44:02 Setting initial content to login page
2025/04/16 22:44:02 Starting main event loop
2025/04/16 22:44:06 Login attempt with username: admin
2025/04/16 22:44:06 Login credentials correct, loading database config...
2025/04/16 22:44:06 Running migrations...
2025/04/16 22:44:06 Connecting to database...
2025/04/16 22:44:06 Creating main window...
2025/04/16 22:44:06 Login successful
2025/04/16 22:44:19 Starting application...
2025/04/16 22:44:19 Created new Fyne app
2025/04/16 22:44:19 Set custom theme
2025/04/16 22:44:19 Created new window
2025/04/16 22:44:19 Resized window
2025/04/16 22:44:19 Setting initial content to login page
2025/04/16 22:44:19 Starting main event loop
2025/04/16 22:44:24 Login attempt with username: admin
2025/04/16 22:44:24 Login failed - invalid credentials
2025/04/16 22:44:31 Login attempt with username: admin
2025/04/16 22:44:31 Login failed - invalid credentials
2025/04/16 22:44:36 Login attempt with username: admin
2025/04/16 22:44:36 Login credentials correct, loading database config...
2025/04/16 22:44:36 Running migrations...
2025/04/16 22:44:36 Connecting to database...
2025/04/16 22:44:36 Creating main window...
2025/04/16 22:44:36 Login successful
2025/04/16 22:48:44 Starting application...
2025/04/16 22:48:44 Created new Fyne app
2025/04/16 22:48:44 Set custom theme
2025/04/16 22:48:44 Created new window
2025/04/16 22:48:44 Resized window
2025/04/16 22:48:44 Setting initial content to login page
2025/04/16 22:48:44 Starting main event loop
2025/04/16 22:48:48 Login attempt with username: admin
2025/04/16 22:48:48 Login credentials correct, loading database config...
2025/04/16 22:48:48 Running migrations...
2025/04/16 22:48:48 Connecting to database...
2025/04/16 22:48:48 Creating main window...
2025/04/16 22:48:48 Login successful
2025/04/16 23:01:44 Starting application...
2025/04/16 23:01:44 Created new Fyne app
2025/04/16 23:01:44 Set custom theme
2025/04/16 23:01:44 Created new window
2025/04/16 23:01:44 Resized window
2025/04/16 23:01:44 Setting initial content to login page
2025/04/16 23:01:44 Starting main event loop
2025/04/16 23:01:48 Login attempt with username: admin
2025/04/16 23:01:48 Login credentials correct, loading database config...
2025/04/16 23:01:48 Running migrations...
2025/04/16 23:01:48 Connecting to database...
2025/04/16 23:01:48 Creating main window...
2025/04/16 23:01:49 Login successful
2025/04/16 23:07:06 Starting application...
2025/04/16 23:07:06 Created new Fyne app
2025/04/16 23:07:06 Set custom theme
2025/04/16 23:07:06 Created new window
2025/04/16 23:07:06 Resized window
2025/04/16 23:07:06 Setting initial content to login page
2025/04/16 23:07:06 Starting main event loop
2025/04/16 23:07:12 Login attempt with username: admin
2025/04/16 23:07:12 Login credentials correct, loading database config...
2025/04/16 23:07:12 Running migrations...
2025/04/16 23:07:12 Connecting to database...
2025/04/16 23:07:12 Creating main window...
2025/04/16 23:07:12 Login successful
2025/04/16 23:08:21 Starting application...
2025/04/16 23:08:21 Created new Fyne app
2025/04/16 23:08:21 Set custom theme
2025/04/16 23:08:21 Created new window
2025/04/16 23:08:21 Resized window
2025/04/16 23:08:21 Setting initial content to login page
2025/04/16 23:08:21 Starting main event loop
2025/04/16 23:08:25 Login attempt with username: admin
2025/04/16 23:08:25 Login credentials correct, loading database config...
2025/04/16 23:08:25 Running migrations...
2025/04/16 23:08:25 Connecting to database...
2025/04/16 23:08:25 Creating main window...
2025/04/16 23:08:25 Login successful
2025/04/16 23:10:02 Starting application...
2025/04/16 23:10:02 Created new Fyne app
2025/04/16 23:10:02 Set custom theme
2025/04/16 23:10:02 Created new window
2025/04/16 23:10:02 Resized window
2025/04/16 23:10:02 Setting initial content to login page
2025/04/16 23:10:02 Starting main event loop
2025/04/16 23:10:06 Login attempt with username: admin
2025/04/16 23:10:06 Login credentials correct, loading database config...
2025/04/16 23:10:06 Running migrations...
2025/04/16 23:10:06 Connecting to database...
2025/04/16 23:10:06 Creating main window...
2025/04/16 23:10:06 Login successful
2025/04/16 23:10:32 Starting application...
2025/04/16 23:10:32 Created new Fyne app
2025/04/16 23:10:32 Set custom theme
2025/04/16 23:10:32 Created new window
2025/04/16 23:10:32 Resized window
2025/04/16 23:10:32 Setting initial content to login page
2025/04/16 23:10:32 Starting main event loop
2025/04/16 23:10:37 Login attempt with username: admin
2025/04/16 23:10:37 Login credentials correct, loading database config...
2025/04/16 23:10:37 Running migrations...
2025/04/16 23:10:37 Connecting to database...
2025/04/16 23:10:37 Creating main window...
2025/04/16 23:10:37 Login successful
2025/04/16 23:11:23 Starting application...
2025/04/16 23:11:23 Created new Fyne app
2025/04/16 23:11:23 Set custom theme
2025/04/16 23:11:23 Created new window
2025/04/16 23:11:23 Resized window
2025/04/16 23:11:23 Setting initial content to login page
2025/04/16 23:11:23 Starting main event loop
2025/04/16 23:11:26 Login attempt with username: admin
2025/04/16 23:11:26 Login credentials correct, loading database config...
2025/04/16 23:11:26 Running migrations...
2025/04/16 23:11:26 Connecting to database...
2025/04/16 23:11:26 Creating main window...
2025/04/16 23:11:26 Login successful
2025/04/16 23:13:14 Starting application...
2025/04/16 23:13:14 Created new Fyne app
2025/04/16 23:13:14 Set custom theme
2025/04/16 23:13:14 Created new window
2025/04/16 23:13:14 Resized window
2025/04/16 23:13:14 Setting initial content to login page
2025/04/16 23:13:14 Starting main event loop
2025/04/16 23:13:18 Login attempt with username: admin
2025/04/16 23:13:18 Login credentials correct, loading database config...
2025/04/16 23:13:18 Running migrations...
2025/04/16 23:13:18 Connecting to database...
2025/04/16 23:13:18 Creating main window...
2025/04/16 23:13:18 Login successful
2025/04/16 23:15:01 Starting application...
2025/04/16 23:15:01 Created new Fyne app
2025/04/16 23:15:01 Set custom theme
2025/04/16 23:15:01 Created new window
2025/04/16 23:15:01 Resized window
2025/04/16 23:15:01 Setting initial content to login page
2025/04/16 23:15:01 Starting main event loop
2025/04/16 23:18:28 Starting application...
2025/04/16 23:18:28 Created new Fyne app
2025/04/16 23:18:28 Set custom theme
2025/04/16 23:18:28 Created new window
2025/04/16 23:18:28 Resized window
2025/04/16 23:18:28 Setting initial content to login page
2025/04/16 23:18:28 Starting main event loop
2025/04/16 23:18:32 Login attempt with username: admin
2025/04/16 23:18:32 Login credentials correct, loading database config...
2025/04/16 23:18:32 Running migrations...
2025/04/16 23:18:32 Connecting to database...
2025/04/16 23:18:32 Creating main window...
2025/04/16 23:18:32 Login successful
2025/04/16 23:20:24 Starting application...
2025/04/16 23:20:24 Created new Fyne app
2025/04/16 23:20:24 Set custom theme
2025/04/16 23:20:24 Created new window
2025/04/16 23:20:24 Resized window
2025/04/16 23:20:24 Setting initial content to login page
2025/04/16 23:20:24 Starting main event loop
2025/04/16 23:20:29 Login attempt with username: admin
2025/04/16 23:20:29 Login credentials correct, loading database config...
2025/04/16 23:20:29 Running migrations...
2025/04/16 23:20:29 Connecting to database...
2025/04/16 23:20:29 Creating main window...
2025/04/16 23:20:29 Login successful
2025/04/16 23:21:26 Starting application...
2025/04/16 23:21:26 Created new Fyne app
2025/04/16 23:21:26 Set custom theme
2025/04/16 23:21:26 Created new window
2025/04/16 23:21:26 Resized window
2025/04/16 23:21:26 Setting initial content to login page
2025/04/16 23:21:26 Starting main event loop
2025/04/16 23:21:33 Login attempt with username: admin
2025/04/16 23:21:33 Login credentials correct, loading database config...
2025/04/16 23:21:33 Running migrations...
2025/04/16 23:21:33 Connecting to database...
2025/04/16 23:21:33 Creating main window...
2025/04/16 23:21:33 Login successful
2025/04/16 23:22:18 Starting application...
2025/04/16 23:22:18 Created new Fyne app
2025/04/16 23:22:18 Set custom theme
2025/04/16 23:22:18 Created new window
2025/04/16 23:22:18 Resized window
2025/04/16 23:22:18 Setting initial content to login page
2025/04/16 23:22:18 Starting main event loop
2025/04/16 23:22:23 Login attempt with username: admin
2025/04/16 23:22:23 Login credentials correct, loading database config...
2025/04/16 23:22:23 Running migrations...
2025/04/16 23:22:23 Connecting to database...
2025/04/16 23:22:23 Creating main window...
2025/04/16 23:22:23 Login successful
2025/04/16 23:24:20 Starting application...
2025/04/16 23:24:20 Created new Fyne app
2025/04/16 23:24:20 Set custom theme
2025/04/16 23:24:20 Created new window
2025/04/16 23:24:20 Resized window
2025/04/16 23:24:20 Setting initial content to login page
2025/04/16 23:24:20 Starting main event loop
2025/04/16 23:24:23 Login attempt with username: admin
2025/04/16 23:24:23 Login credentials correct, loading database config...
2025/04/16 23:24:23 Running migrations...
2025/04/16 23:24:23 Connecting to database...
2025/04/16 23:24:23 Creating main window...
2025/04/16 23:24:23 Login successful
2025/04/16 23:34:20 Starting application...
2025/04/16 23:34:20 Created new Fyne app
2025/04/16 23:34:20 Set custom theme
2025/04/16 23:34:20 Created new window
2025/04/16 23:34:20 Resized window
2025/04/16 23:34:20 Setting initial content to login page
2025/04/16 23:34:20 Starting main event loop
2025/04/16 23:34:24 Login attempt with username: admin
2025/04/16 23:34:24 Login credentials correct, loading database config...
2025/04/16 23:34:24 Running migrations...
2025/04/16 23:34:24 Connecting to database...
2025/04/16 23:34:24 Creating main window...
2025/04/16 23:34:24 Login successful
2025/04/16 23:34:56 Starting application...
2025/04/16 23:34:56 Created new Fyne app
2025/04/16 23:34:56 Set custom theme
2025/04/16 23:34:56 Created new window
2025/04/16 23:34:56 Resized window
2025/04/16 23:34:56 Setting initial content to login page
2025/04/16 23:34:56 Starting main event loop
2025/04/16 23:35:01 Login attempt with username: admin
2025/04/16 23:35:01 Login credentials correct, loading database config...
2025/04/16 23:35:01 Running migrations...
2025/04/16 23:35:01 Connecting to database...
2025/04/16 23:35:01 Creating main window...
2025/04/16 23:35:01 Login successful
2025/04/16 23:35:38 Starting application...
2025/04/16 23:35:38 Created new Fyne app
2025/04/16 23:35:38 Set custom theme
2025/04/16 23:35:38 Created new window
2025/04/16 23:35:38 Resized window
2025/04/16 23:35:38 Setting initial content to login page
2025/04/16 23:35:38 Starting main event loop
2025/04/16 23:35:41 Login attempt with username: admin
2025/04/16 23:35:41 Login credentials correct, loading database config...
2025/04/16 23:35:41 Running migrations...
2025/04/16 23:35:41 Connecting to database...
2025/04/16 23:35:41 Creating main window...
2025/04/16 23:35:41 Login successful
2025/04/16 23:36:53 Starting application...
2025/04/16 23:36:53 Created new Fyne app
2025/04/16 23:36:53 Set custom theme
2025/04/16 23:36:53 Created new window
2025/04/16 23:36:53 Resized window
2025/04/16 23:36:53 Setting initial content to login page
2025/04/16 23:36:53 Starting main event loop
2025/04/16 23:36:58 Login attempt with username: admin
2025/04/16 23:36:58 Login credentials correct, loading database config...
2025/04/16 23:36:58 Running migrations...
2025/04/16 23:36:59 Connecting to database...
2025/04/16 23:36:59 Creating main window...
2025/04/16 23:36:59 Login successful
2025/04/16 23:37:31 Starting application...
2025/04/16 23:37:31 Created new Fyne app
2025/04/16 23:37:31 Set custom theme
2025/04/16 23:37:31 Created new window
2025/04/16 23:37:31 Resized window
2025/04/16 23:37:31 Setting initial content to login page
2025/04/16 23:37:31 Starting main event loop
2025/04/16 23:37:39 Login attempt with username: admin
2025/04/16 23:37:39 Login credentials correct, loading database config...
2025/04/16 23:37:39 Running migrations...
2025/04/16 23:37:45 Connecting to database...
2025/04/16 23:37:45 Creating main window...
2025/04/16 23:37:45 Login successful
2025/04/16 23:38:35 Starting application...
2025/04/16 23:38:35 Created new Fyne app
2025/04/16 23:38:35 Set custom theme
2025/04/16 23:38:35 Created new window
2025/04/16 23:38:35 Resized window
2025/04/16 23:38:35 Setting initial content to login page
2025/04/16 23:38:35 Starting main event loop
2025/04/16 23:38:38 Login attempt with username: admin
2025/04/16 23:38:38 Login credentials correct, loading database config...
2025/04/16 23:38:38 Running migrations...
2025/04/16 23:38:38 Connecting to database...
2025/04/16 23:38:38 Creating main window...
2025/04/16 23:38:38 Login successful
2025/04/16 23:39:19 Starting application...
2025/04/16 23:39:19 Created new Fyne app
2025/04/16 23:39:19 Set custom theme
2025/04/16 23:39:19 Created new window
2025/04/16 23:39:19 Resized window
2025/04/16 23:39:19 Setting initial content to login page
2025/04/16 23:39:19 Starting main event loop
2025/04/16 23:39:23 Login attempt with username: admin
2025/04/16 23:39:23 Login credentials correct, loading database config...
2025/04/16 23:39:23 Running migrations...
2025/04/16 23:39:23 Connecting to database...
2025/04/16 23:39:23 Creating main window...
2025/04/16 23:39:23 Login successful
2025/04/16 23:39:45 Starting application...
2025/04/16 23:39:45 Created new Fyne app
2025/04/16 23:39:45 Set custom theme
2025/04/16 23:39:45 Created new window
2025/04/16 23:39:45 Resized window
2025/04/16 23:39:45 Setting initial content to login page
2025/04/16 23:39:45 Starting main event loop
2025/04/16 23:39:50 Login attempt with username: admin
2025/04/16 23:39:50 Login credentials correct, loading database config...
2025/04/16 23:39:50 Running migrations...
2025/04/16 23:39:50 Connecting to database...
2025/04/16 23:39:50 Creating main window...
2025/04/16 23:39:50 Login successful
2025/04/16 23:40:18 Starting application...
2025/04/16 23:40:18 Created new Fyne app
2025/04/16 23:40:18 Set custom theme
2025/04/16 23:40:18 Created new window
2025/04/16 23:40:18 Resized window
2025/04/16 23:40:18 Setting initial content to login page
2025/04/16 23:40:18 Starting main event loop
2025/04/16 23:40:23 Login attempt with username: admin
2025/04/16 23:40:23 Login credentials correct, loading database config...
2025/04/16 23:40:23 Running migrations...
2025/04/16 23:40:23 Connecting to database...
2025/04/16 23:40:23 Creating main window...
2025/04/16 23:40:23 Login successful
2025/04/16 23:41:22 Starting application...
2025/04/16 23:41:22 Created new Fyne app
2025/04/16 23:41:22 Set custom theme
2025/04/16 23:41:22 Created new window
2025/04/16 23:41:22 Resized window
2025/04/16 23:41:22 Setting initial content to login page
2025/04/16 23:41:22 Starting main event loop
2025/04/16 23:41:25 Login attempt with username: admin
2025/04/16 23:41:25 Login credentials correct, loading database config...
2025/04/16 23:41:25 Running migrations...
2025/04/16 23:41:25 Connecting to database...
2025/04/16 23:41:25 Creating main window...
2025/04/16 23:41:25 Login successful
2025/04/16 23:42:23 Starting application...
2025/04/16 23:42:23 Created new Fyne app
2025/04/16 23:42:23 Set custom theme
2025/04/16 23:42:23 Created new window
2025/04/16 23:42:23 Resized window
2025/04/16 23:42:23 Setting initial content to login page
2025/04/16 23:42:23 Starting main event loop
2025/04/16 23:42:28 Login attempt with username: admin
2025/04/16 23:42:28 Login credentials correct, loading database config...
2025/04/16 23:42:28 Running migrations...
2025/04/16 23:42:28 Connecting to database...
2025/04/16 23:42:28 Creating main window...
2025/04/16 23:42:28 Login successful
2025/04/17 00:08:31 Starting application...
2025/04/17 00:08:31 Created new Fyne app
2025/04/17 00:08:31 Set custom theme
2025/04/17 00:08:31 Created new window
2025/04/17 00:08:31 Resized window
2025/04/17 00:08:31 Setting initial content to login page
2025/04/17 00:08:31 Starting main event loop
2025/04/17 00:08:35 Login attempt with username: admin
2025/04/17 00:08:35 Login credentials correct, loading database config...
2025/04/17 00:08:35 Running migrations...
2025/04/17 00:08:36 Connecting to database...
2025/04/17 00:08:36 Creating main window...
2025/04/17 00:08:36 Login successful
2025/04/17 00:14:22 Starting application...
2025/04/17 00:14:22 Created new Fyne app
2025/04/17 00:14:22 Set custom theme
2025/04/17 00:14:22 Created new window
2025/04/17 00:14:22 Resized window
2025/04/17 00:14:22 Setting initial content to login page
2025/04/17 00:14:22 Starting main event loop
2025/04/17 00:14:30 Starting application...
2025/04/17 00:14:30 Created new Fyne app
2025/04/17 00:14:30 Set custom theme
2025/04/17 00:14:30 Created new window
2025/04/17 00:14:30 Resized window
2025/04/17 00:14:30 Setting initial content to login page
2025/04/17 00:14:30 Starting main event loop
2025/04/17 00:14:33 Login attempt with username: admin
2025/04/17 00:14:33 Login credentials correct, loading database config...
2025/04/17 00:14:33 Running migrations...
2025/04/17 00:14:33 Connecting to database...
2025/04/17 00:14:33 Creating main window...
2025/04/17 00:14:33 Login successful
2025/04/17 00:17:29 Starting application...
2025/04/17 00:17:29 Created new Fyne app
2025/04/17 00:17:29 Set custom theme
2025/04/17 00:17:29 Created new window
2025/04/17 00:17:29 Resized window
2025/04/17 00:17:29 Setting initial content to login page
2025/04/17 00:17:29 Starting main event loop
2025/04/17 00:17:34 Login attempt with username: admin
2025/04/17 00:17:34 Login credentials correct, loading database config...
2025/04/17 00:17:34 Running migrations...
2025/04/17 00:17:35 Connecting to database...
2025/04/17 00:17:35 Creating main window...
2025/04/17 00:17:35 Login successful
2025/04/17 00:20:01 Starting application...
2025/04/17 00:20:01 Created new Fyne app
2025/04/17 00:20:01 Set custom theme
2025/04/17 00:20:01 Created new window
2025/04/17 00:20:01 Resized window
2025/04/17 00:20:01 Setting initial content to login page
2025/04/17 00:20:01 Starting main event loop
2025/04/17 00:20:07 Login attempt with username: admin
2025/04/17 00:20:07 Login credentials correct, loading database config...
2025/04/17 00:20:07 Running migrations...
2025/04/17 00:20:07 Connecting to database...
2025/04/17 00:20:07 Creating main window...
2025/04/17 00:20:07 Login successful
2025/04/17 00:21:13 Starting application...
2025/04/17 00:21:13 Created new Fyne app
2025/04/17 00:21:13 Set custom theme
2025/04/17 00:21:13 Created new window
2025/04/17 00:21:13 Resized window
2025/04/17 00:21:13 Setting initial content to login page
2025/04/17 00:21:13 Starting main event loop
2025/04/17 00:21:17 Login attempt with username: admin
2025/04/17 00:21:17 Login credentials correct, loading database config...
2025/04/17 00:21:17 Running migrations...
2025/04/17 00:21:17 Connecting to database...
2025/04/17 00:21:17 Creating main window...
2025/04/17 00:21:17 Login successful
2025/04/17 00:24:19 Starting application...
2025/04/17 00:24:19 Created new Fyne app
2025/04/17 00:24:19 Set custom theme
2025/04/17 00:24:19 Created new window
2025/04/17 00:24:19 Resized window
2025/04/17 00:24:19 Setting initial content to login page
2025/04/17 00:24:19 Starting main event loop
2025/04/17 00:24:22 Login attempt with username: admin
2025/04/17 00:24:22 Login credentials correct, loading database config...
2025/04/17 00:24:22 Running migrations...
2025/04/17 00:24:22 Connecting to database...
2025/04/17 00:24:22 Creating main window...
2025/04/17 00:24:22 Login successful
